<?xml version="1.0" encoding="UTF-8"?>
<testsuite xmlns:xsi="http://www.w3.org/2001/XMLSchema-instance" xsi:noNamespaceSchemaLocation="https://maven.apache.org/surefire/maven-surefire-plugin/xsd/surefire-test-report.xsd" version="3.0.1" name="runner.TestRunner" time="1.782" tests="4" errors="0" skipped="0" failures="0">
  <properties>
[...]
</properties>
  <testcase name="Login with valid credentials" classname="User Login" time="0.247">
    <system-out><![CDATA[
@all @login @smoke @validCredentias @regression
Scenario: Login with valid credentials                           &amp#27;[90m# src/test/resources/features/Login.feature:9&amp#27;[0m
>>Browser got opened
>>>Before Every Step Hook
>>User got navigate to login page$
  &amp#27;[32mGiven &amp#27;[0m&amp#27;[32mUser navigate to login page&amp#27;[0m                              &amp#27;[90m# stepdefinitions.Login.user_navigate_to_login_page()&amp#27;[0m
After every step hook<<<
>>>Before Every Step Hook
>>User entered valid email address: "clintonraj1924@gmail.com"
  &amp#27;[32mWhen &amp#27;[0m&amp#27;[32mUser enter valid email address &amp#27;[0m&amp#27;[32m&amp#27;[1m"clintonraj1924@gmail.com"&amp#27;[0m &amp#27;[90m# stepdefinitions.Login.user_enter_valid_email_address(java.lang.String)&amp#27;[0m
After every step hook<<<
>>>Before Every Step Hook
>>User has entered valid password:"catest@123"
  &amp#27;[32mAnd &amp#27;[0m&amp#27;[32mEnter valid password &amp#27;[0m&amp#27;[32m&amp#27;[1m"catest@123"&amp#27;[0m                          &amp#27;[90m# stepdefinitions.Login.enter_valid_password(java.lang.String)&amp#27;[0m
After every step hook<<<
>>>Before Every Step Hook
>>User has click login btn
  &amp#27;[32mAnd &amp#27;[0m&amp#27;[32mClick the login button&amp#27;[0m                                     &amp#27;[90m# stepdefinitions.Login.click_the_login_button()&amp#27;[0m
After every step hook<<<
>>>Before Every Step Hook
>> User login in sucessfully
  &amp#27;[32mThen &amp#27;[0m&amp#27;[32mUser should login successfully&amp#27;[0m                            &amp#27;[90m# stepdefinitions.Login.user_should_login_successfully()&amp#27;[0m
After every step hook<<<
Browser got closed<<
]]></system-out>
  </testcase>
  <testcase name="Login with invalid credentials #1" classname="User Login" time="0.069">
    <system-out><![CDATA[
@all @login @smoke @inValidCredentias @rwgression
Scenario Outline: Login with invalid credentials                    &amp#27;[90m# src/test/resources/features/Login.feature:25&amp#27;[0m
>>Browser got opened
>>>Before Every Step Hook
>>User got navigate to login page$
  &amp#27;[32mGiven &amp#27;[0m&amp#27;[32mUser navigate to login page&amp#27;[0m                                 &amp#27;[90m# stepdefinitions.Login.user_navigate_to_login_page()&amp#27;[0m
After every step hook<<<
>>>Before Every Step Hook
>> User has entered invalid email addtess
  &amp#27;[32mWhen &amp#27;[0m&amp#27;[32mUser enter invalid email address "&amp#27;[0m&amp#27;[32m&amp#27;[1mclintonraj19244@gmail.com&amp#27;[0m&amp#27;[32m"&amp#27;[0m &amp#27;[90m# stepdefinitions.Login.user_enter_invalid_email_address(java.lang.String)&amp#27;[0m
After every step hook<<<
>>>Before Every Step Hook
User entered invalid PW : 
  &amp#27;[32mAnd &amp#27;[0m&amp#27;[32mEnter invalid password "&amp#27;[0m&amp#27;[32m&amp#27;[1mcatest@1234&amp#27;[0m&amp#27;[32m"&amp#27;[0m                          &amp#27;[90m# stepdefinitions.Login.enter_invalid_password(java.lang.String)&amp#27;[0m
After every step hook<<<
>>>Before Every Step Hook
>>User has click login btn
  &amp#27;[32mAnd &amp#27;[0m&amp#27;[32mClick the login button&amp#27;[0m                                        &amp#27;[90m# stepdefinitions.Login.click_the_login_button()&amp#27;[0m
After every step hook<<<
>>>Before Every Step Hook
User got proper warning message
  &amp#27;[32mThen &amp#27;[0m&amp#27;[32mUser should get a proper warning message&amp#27;[0m                     &amp#27;[90m# stepdefinitions.Login.user_should_get_a_proper_warning_message()&amp#27;[0m
After every step hook<<<
Browser got closed<<
]]></system-out>
  </testcase>
  <testcase name="Login with invalid credentials #2" classname="User Login" time="0.047">
    <system-out><![CDATA[
@all @login @smoke @inValidCredentias @rwgression
Scenario Outline: Login with invalid credentials                 &amp#27;[90m# src/test/resources/features/Login.feature:26&amp#27;[0m
>>Browser got opened
>>>Before Every Step Hook
>>User got navigate to login page$
  &amp#27;[32mGiven &amp#27;[0m&amp#27;[32mUser navigate to login page&amp#27;[0m                              &amp#27;[90m# stepdefinitions.Login.user_navigate_to_login_page()&amp#27;[0m
After every step hook<<<
>>>Before Every Step Hook
>> User has entered invalid email addtess
  &amp#27;[32mWhen &amp#27;[0m&amp#27;[32mUser enter invalid email address "&amp#27;[0m&amp#27;[32m&amp#27;[1mclintonraj14@gmail.com&amp#27;[0m&amp#27;[32m"&amp#27;[0m &amp#27;[90m# stepdefinitions.Login.user_enter_invalid_email_address(java.lang.String)&amp#27;[0m
After every step hook<<<
>>>Before Every Step Hook
User entered invalid PW : 
  &amp#27;[32mAnd &amp#27;[0m&amp#27;[32mEnter invalid password "&amp#27;[0m&amp#27;[32m&amp#27;[1mcatest@1234&amp#27;[0m&amp#27;[32m"&amp#27;[0m                       &amp#27;[90m# stepdefinitions.Login.enter_invalid_password(java.lang.String)&amp#27;[0m
After every step hook<<<
>>>Before Every Step Hook
>>User has click login btn
  &amp#27;[32mAnd &amp#27;[0m&amp#27;[32mClick the login button&amp#27;[0m                                     &amp#27;[90m# stepdefinitions.Login.click_the_login_button()&amp#27;[0m
After every step hook<<<
>>>Before Every Step Hook
User got proper warning message
  &amp#27;[32mThen &amp#27;[0m&amp#27;[32mUser should get a proper warning message&amp#27;[0m                  &amp#27;[90m# stepdefinitions.Login.user_should_get_a_proper_warning_message()&amp#27;[0m
After every step hook<<<
Browser got closed<<
]]></system-out>
  </testcase>
  <testcase name="Login with invalid credentials #3" classname="User Login" time="0.041">
    <system-out><![CDATA[
@all @login @smoke @inValidCredentias @rwgression
Scenario Outline: Login with invalid credentials                  &amp#27;[90m# src/test/resources/features/Login.feature:27&amp#27;[0m
>>Browser got opened
>>>Before Every Step Hook
>>User got navigate to login page$
  &amp#27;[32mGiven &amp#27;[0m&amp#27;[32mUser navigate to login page&amp#27;[0m                               &amp#27;[90m# stepdefinitions.Login.user_navigate_to_login_page()&amp#27;[0m
After every step hook<<<
>>>Before Every Step Hook
>> User has entered invalid email addtess
  &amp#27;[32mWhen &amp#27;[0m&amp#27;[32mUser enter invalid email address "&amp#27;[0m&amp#27;[32m&amp#27;[1mclintonr19244@gmail.com&amp#27;[0m&amp#27;[32m"&amp#27;[0m &amp#27;[90m# stepdefinitions.Login.user_enter_invalid_email_address(java.lang.String)&amp#27;[0m
After every step hook<<<
>>>Before Every Step Hook
User entered invalid PW : 
  &amp#27;[32mAnd &amp#27;[0m&amp#27;[32mEnter invalid password "&amp#27;[0m&amp#27;[32m&amp#27;[1mcatest1234&amp#27;[0m&amp#27;[32m"&amp#27;[0m                         &amp#27;[90m# stepdefinitions.Login.enter_invalid_password(java.lang.String)&amp#27;[0m
After every step hook<<<
>>>Before Every Step Hook
>>User has click login btn
  &amp#27;[32mAnd &amp#27;[0m&amp#27;[32mClick the login button&amp#27;[0m                                      &amp#27;[90m# stepdefinitions.Login.click_the_login_button()&amp#27;[0m
After every step hook<<<
>>>Before Every Step Hook
User got proper warning message
  &amp#27;[32mThen &amp#27;[0m&amp#27;[32mUser should get a proper warning message&amp#27;[0m                   &amp#27;[90m# stepdefinitions.Login.user_should_get_a_proper_warning_message()&amp#27;[0m
After every step hook<<<
Browser got closed<<
]]></system-out>
  </testcase>
</testsuite>